\BOOKMARK [0][-]{chapter.1}{\376\377\000R\000e\000s\000u\000m\000e\000n}{}% 1
\BOOKMARK [0][-]{chapter.2}{\376\377\000A\000b\000s\000t\000r\000a\000c\000t}{}% 2
\BOOKMARK [0][-]{chapter.3}{\376\377\000I\000n\000t\000r\000o\000d\000u\000c\000c\000i\000\363\000n\000\040\000y\000\040\000m\000o\000t\000i\000v\000a\000c\000i\000\363\000n}{}% 3
\BOOKMARK [1][-]{section.3.1}{\376\377\000C\000o\000n\000t\000e\000x\000t\000o}{chapter.3}% 4
\BOOKMARK [2][-]{subsection.3.1.1}{\376\377\000C\000o\000n\000c\000e\000p\000t\000o\000\040\000e\000\040\000h\000i\000s\000t\000o\000r\000i\000a\000\040\000d\000e\000\040\000l\000a\000\040\000a\000n\000i\000m\000a\000c\000i\000\363\000n}{section.3.1}% 5
\BOOKMARK [2][-]{subsection.3.1.2}{\376\377\000O\000r\000i\000g\000e\000n\000\040\000d\000e\000\040\000l\000o\000s\000\040\000v\000i\000d\000e\000o\000j\000u\000e\000g\000o\000s}{section.3.1}% 6
\BOOKMARK [3][-]{subsubsection.3.1.2.1}{\376\377\000E\000v\000o\000l\000u\000c\000i\000\363\000n\000\040\000d\000e\000\040\000l\000o\000s\000\040\000v\000i\000d\000e\000o\000j\000u\000e\000g\000o\000s}{subsection.3.1.2}% 7
\BOOKMARK [3][-]{subsubsection.3.1.2.2}{\376\377\000A\000c\000t\000u\000a\000l\000i\000d\000a\000d\000\040\000d\000e\000\040\000l\000o\000s\000\040\000v\000i\000d\000e\000o\000j\000u\000e\000g\000o\000s}{subsection.3.1.2}% 8
\BOOKMARK [2][-]{subsection.3.1.3}{\376\377\000E\000v\000o\000l\000u\000c\000i\000\363\000n\000\040\000d\000e\000\040\000l\000a\000\040\000c\000a\000p\000a\000c\000i\000d\000a\000d\000\040\000g\000r\000\341\000f\000i\000c\000a\000\040\000d\000e\000\040\000l\000o\000s\000\040\000o\000r\000d\000e\000n\000a\000d\000o\000r\000e\000s}{section.3.1}% 9
\BOOKMARK [1][-]{section.3.2}{\376\377\000C\000o\000m\000p\000o\000n\000e\000n\000t\000e\000s\000\040\000d\000e\000\040\000l\000o\000s\000\040\000v\000i\000d\000e\000o\000j\000u\000e\000g\000o\000s}{chapter.3}% 10
\BOOKMARK [2][-]{subsubsection.3.2.0.1}{\376\377\000V\000a\000l\000o\000r\000a\000c\000i\000\363\000n\000\040\000d\000e\000\040\000d\000i\000s\000t\000i\000n\000t\000o\000s\000\040\000m\000o\000t\000o\000r\000e\000s\000\040\000g\000r\000\341\000f\000i\000c\000o\000s}{section.3.2}% 11
\BOOKMARK [1][-]{section.3.3}{\376\377\000D\000e\000s\000c\000r\000i\000p\000c\000i\000\363\000n\000\040\000d\000e\000l\000\040\000p\000r\000o\000b\000l\000e\000m\000a}{chapter.3}% 12
\BOOKMARK [1][-]{section.3.4}{\376\377\000A\000l\000c\000a\000n\000c\000e\000\040\000d\000e\000\040\000l\000a\000\040\000m\000e\000m\000o\000r\000i\000a}{chapter.3}% 13
\BOOKMARK [0][-]{chapter.4}{\376\377\000O\000b\000j\000e\000t\000i\000v\000o\000s}{}% 14
\BOOKMARK [0][-]{chapter.5}{\376\377\000R\000e\000s\000o\000l\000u\000c\000i\000\363\000n\000\040\000d\000e\000l\000\040\000t\000r\000a\000b\000a\000j\000o}{}% 15
\BOOKMARK [1][-]{section.5.1}{\376\377\000P\000l\000a\000n\000i\000f\000i\000c\000a\000c\000i\000\363\000n\000\040\000y\000\040\000p\000r\000e\000s\000u\000p\000u\000e\000s\000t\000o}{chapter.5}% 16
\BOOKMARK [2][-]{subsection.5.1.1}{\376\377\000P\000l\000a\000n\000i\000f\000i\000c\000a\000c\000i\000\363\000n\000\040\000i\000n\000i\000c\000i\000a\000l}{section.5.1}% 17
\BOOKMARK [2][-]{subsection.5.1.2}{\376\377\000P\000r\000e\000s\000u\000p\000u\000e\000s\000t\000o}{section.5.1}% 18
\BOOKMARK [1][-]{section.5.2}{\376\377\000A\000n\000\341\000l\000i\000s\000i\000s\000\040\000y\000\040\000d\000i\000s\000e\000\361\000o}{chapter.5}% 19
\BOOKMARK [2][-]{subsection.5.2.1}{\376\377\000E\000s\000p\000e\000c\000i\000f\000i\000c\000a\000c\000i\000\363\000n\000\040\000d\000e\000\040\000r\000e\000q\000u\000i\000s\000i\000t\000o\000s}{section.5.2}% 20
\BOOKMARK [3][-]{subsubsection.5.2.1.1}{\376\377\000R\000e\000q\000u\000i\000s\000i\000t\000o\000s\000\040\000f\000u\000n\000c\000i\000o\000n\000a\000l\000e\000s}{subsection.5.2.1}% 21
\BOOKMARK [3][-]{subsubsection.5.2.1.2}{\376\377\000R\000e\000q\000u\000i\000s\000i\000t\000o\000s\000\040\000n\000o\000\040\000f\000u\000n\000c\000i\000o\000n\000a\000l\000e\000s}{subsection.5.2.1}% 22
\BOOKMARK [2][-]{subsection.5.2.2}{\376\377\000H\000i\000s\000t\000o\000r\000i\000a\000s\000\040\000d\000e\000\040\000u\000s\000u\000a\000r\000i\000o\000\040\000y\000\040\000P\000r\000o\000d\000u\000c\000t\000\040\000B\000a\000c\000k\000l\000o\000g}{section.5.2}% 23
\BOOKMARK [2][-]{subsection.5.2.3}{\376\377\000C\000o\000n\000t\000r\000o\000l\000\040\000d\000e\000\040\000v\000e\000r\000s\000i\000o\000n\000e\000s}{section.5.2}% 24
\BOOKMARK [2][-]{subsection.5.2.4}{\376\377\000M\000a\000t\000e\000r\000i\000a\000l\000\040\000i\000m\000p\000o\000r\000t\000a\000d\000o}{section.5.2}% 25
\BOOKMARK [3][-]{subsubsection.5.2.4.1}{\376\377\000P\000e\000r\000s\000o\000n\000a\000j\000e\000\040\000p\000r\000i\000n\000c\000i\000p\000a\000l}{subsection.5.2.4}% 26
\BOOKMARK [3][-]{subsubsection.5.2.4.2}{\376\377\000A\000r\000m\000a\000s}{subsection.5.2.4}% 27
\BOOKMARK [3][-]{subsubsection.5.2.4.3}{\376\377\000E\000n\000e\000m\000i\000g\000o\000s}{subsection.5.2.4}% 28
\BOOKMARK [3][-]{subsubsection.5.2.4.4}{\376\377\000D\000e\000c\000o\000r\000a\000c\000i\000\363\000n}{subsection.5.2.4}% 29
\BOOKMARK [3][-]{subsubsection.5.2.4.5}{\376\377\000M\000e\000j\000o\000r\000a\000s}{subsection.5.2.4}% 30
\BOOKMARK [3][-]{subsubsection.5.2.4.6}{\376\377\000S\000o\000n\000i\000d\000o\000s}{subsection.5.2.4}% 31
\BOOKMARK [2][-]{subsection.5.2.5}{\376\377\000D\000e\000s\000c\000r\000i\000p\000c\000i\000\363\000n\000\040\000d\000e\000t\000a\000l\000l\000a\000d\000a\000\040\000d\000e\000l\000\040\000p\000r\000o\000y\000e\000c\000t\000o\000\040}{section.5.2}% 32
\BOOKMARK [3][-]{subsubsection.5.2.5.1}{\376\377\000R\000e\000n\000d\000e\000r\000\040\000P\000i\000p\000e\000l\000i\000n\000e\000s\000\040\000e\000n\000\040\000U\000n\000i\000t\000y}{subsection.5.2.5}% 33
\BOOKMARK [3][-]{subsubsection.5.2.5.2}{\376\377\000T\000i\000p\000o\000s\000\040\000d\000e\000\040\000c\000\341\000m\000a\000r\000a}{subsection.5.2.5}% 34
\BOOKMARK [3][-]{subsubsection.5.2.5.3}{\376\377\000P\000e\000r\000s\000o\000n\000a\000j\000e\000\040\000p\000r\000i\000n\000c\000i\000p\000a\000l}{subsection.5.2.5}% 35
\BOOKMARK [3][-]{subsubsection.5.2.5.4}{\376\377\000E\000n\000e\000m\000i\000g\000o}{subsection.5.2.5}% 36
\BOOKMARK [3][-]{subsubsection.5.2.5.5}{\376\377\000M\000o\000d\000o\000\040\000U\000l\000t\000r\000a\000s\000\363\000n\000i\000c\000o}{subsection.5.2.5}% 37
\BOOKMARK [3][-]{subsubsection.5.2.5.6}{\376\377\000G\000e\000n\000e\000r\000a\000c\000i\000\363\000n\000\040\000p\000r\000o\000c\000e\000d\000u\000r\000a\000l\000\040\000d\000e\000l\000\040\000m\000a\000p\000a\000\040\000y\000\040\000s\000u\000s\000\040\000e\000l\000e\000m\000e\000n\000t\000o\000s}{subsection.5.2.5}% 38
\BOOKMARK [2][-]{subsection.5.2.6}{\376\377\000E\000f\000e\000c\000t\000o\000s\000\040\000e\000s\000p\000e\000c\000i\000a\000l\000e\000s\000\040\000d\000e\000\040\000p\000a\000r\000t\000\355\000c\000u\000l\000a\000s}{section.5.2}% 39
\BOOKMARK [3][-]{subsubsection.5.2.6.1}{\376\377\000S\000o\000m\000b\000r\000e\000a\000d\000o\000\040\000c\000o\000n\000\040\000e\000s\000t\000u\000l\000o\000\040\000d\000e\000\040\000d\000i\000b\000u\000j\000o\000s\000\040\000a\000n\000i\000m\000a\000d\000o\000s\000\040\000\050\000T\000o\000o\000n\000s\000h\000a\000d\000i\000n\000g\000\051}{subsection.5.2.6}% 40
\BOOKMARK [2][-]{subsection.5.2.7}{\376\377\000B\000o\000c\000e\000t\000o\000s\000\040\000d\000e\000l\000\040\000d\000i\000s\000e\000\361\000o\000\040\000d\000e\000l\000\040\000p\000r\000o\000y\000e\000c\000t\000o}{section.5.2}% 41
\BOOKMARK [2][-]{subsection.5.2.8}{\376\377\000D\000i\000a\000g\000r\000a\000m\000a\000\040\000d\000e\000\040\000c\000l\000a\000s\000e\000s}{section.5.2}% 42
\BOOKMARK [3][-]{subsubsection.5.2.8.1}{\376\377\000C\000\341\000m\000a\000r\000a\000\040\000y\000\040\000p\000e\000r\000s\000o\000n\000a\000j\000e}{subsection.5.2.8}% 43
\BOOKMARK [3][-]{subsubsection.5.2.8.2}{\376\377\000L\000\363\000g\000i\000c\000a\000\040\000d\000e\000l\000\040\000j\000u\000e\000g\000o}{subsection.5.2.8}% 44
\BOOKMARK [3][-]{subsubsection.5.2.8.3}{\376\377\000P\000o\000w\000e\000r\000\040\000U\000p\000s}{subsection.5.2.8}% 45
\BOOKMARK [3][-]{subsubsection.5.2.8.4}{\376\377\000M\000e\000n\000\372\000s}{subsection.5.2.8}% 46
\BOOKMARK [3][-]{subsubsection.5.2.8.5}{\376\377\000E\000n\000e\000m\000i\000g\000o\000s}{subsection.5.2.8}% 47
\BOOKMARK [3][-]{subsubsection.5.2.8.6}{\376\377\000M\000a\000p\000a}{subsection.5.2.8}% 48
\BOOKMARK [2][-]{subsection.5.2.9}{\376\377\000P\000r\000i\000n\000c\000i\000p\000a\000l\000e\000s\000\040\000a\000l\000g\000o\000r\000i\000t\000m\000o\000s}{section.5.2}% 49
\BOOKMARK [3][-]{subsubsection.5.2.9.1}{\376\377\000A\000l\000g\000o\000r\000i\000t\000m\000o\000\040\000d\000e\000\040\000c\000a\000d\000e\000n\000a\000\040\000m\000o\000n\000o\000t\000o\000n\000a\000\040\000d\000e\000\040\000A\000n\000d\000r\000e\000w}{subsection.5.2.9}% 50
\BOOKMARK [3][-]{subsubsection.5.2.9.2}{\376\377\000A\000l\000g\000o\000r\000i\000t\000m\000o\000\040\000d\000e\000\040\000p\000a\000r\000t\000i\000c\000i\000\363\000n\000\040\000b\000i\000n\000a\000r\000i\000a\000\040\000d\000e\000l\000\040\000e\000s\000p\000a\000c\000i\000o}{subsection.5.2.9}% 51
\BOOKMARK [1][-]{section.5.3}{\376\377\000I\000m\000p\000l\000e\000m\000e\000n\000t\000a\000c\000i\000\363\000n}{chapter.5}% 52
\BOOKMARK [2][-]{subsection.5.3.1}{\376\377\000C\000i\000c\000l\000o\000\040\000d\000e\000\040\000v\000i\000d\000a\000\040\000d\000e\000\040\000u\000n\000\040\000s\000c\000r\000i\000p\000t\000\040\000e\000n\000\040\000U\000n\000i\000t\000y}{section.5.3}% 53
\BOOKMARK [2][-]{subsection.5.3.2}{\376\377\000C\000\341\000m\000a\000r\000a}{section.5.3}% 54
\BOOKMARK [2][-]{subsection.5.3.3}{\376\377\000P\000e\000r\000s\000o\000n\000a\000j\000e\000\040\000p\000r\000i\000n\000c\000i\000p\000a\000l\000,\000\040\000m\000o\000v\000i\000m\000i\000e\000n\000t\000o\000\040\000y\000\040\000a\000n\000i\000m\000a\000c\000i\000\363\000n}{section.5.3}% 55
\BOOKMARK [2][-]{subsection.5.3.4}{\376\377\000M\000o\000d\000o\000\040\000U\000l\000t\000r\000a\000s\000\363\000n\000i\000c\000o}{section.5.3}% 56
\BOOKMARK [2][-]{subsection.5.3.5}{\376\377\000E\000n\000e\000m\000i\000g\000o\000s}{section.5.3}% 57
\BOOKMARK [2][-]{subsection.5.3.6}{\376\377\000M\000e\000n\000\372\000s\000\040\000e\000\040\000I\000n\000t\000e\000r\000f\000a\000z\000\040\000d\000e\000\040\000U\000s\000u\000a\000r\000i\000o}{section.5.3}% 58
\BOOKMARK [2][-]{subsection.5.3.7}{\376\377\000S\000o\000n\000i\000d\000o\000s}{section.5.3}% 59
\BOOKMARK [2][-]{subsection.5.3.8}{\376\377\000C\000r\000e\000a\000c\000i\000\363\000n\000\040\000d\000e\000l\000\040\000m\000a\000p\000a\000\040\000y\000\040\000s\000u\000s\000\040\000e\000l\000e\000m\000e\000n\000t\000o\000s}{section.5.3}% 60
\BOOKMARK [2][-]{subsection.5.3.9}{\376\377\000T\000o\000o\000n\000\040\000S\000h\000a\000d\000i\000n\000g}{section.5.3}% 61
\BOOKMARK [2][-]{subsection.5.3.10}{\376\377\000P\000a\000r\000t\000\355\000c\000u\000l\000a\000s}{section.5.3}% 62
\BOOKMARK [1][-]{section.5.4}{\376\377\000P\000r\000u\000e\000b\000a\000s}{chapter.5}% 63
\BOOKMARK [1][-]{section.5.5}{\376\377\000M\000a\000n\000u\000a\000l\000\040\000d\000e\000\040\000u\000s\000u\000a\000r\000i\000o}{chapter.5}% 64
\BOOKMARK [2][-]{subsection.5.5.1}{\376\377\000I\000n\000s\000t\000a\000l\000a\000c\000i\000\363\000n}{section.5.5}% 65
\BOOKMARK [2][-]{subsection.5.5.2}{\376\377\000C\000o\000n\000t\000r\000o\000l\000e\000s}{section.5.5}% 66
\BOOKMARK [3][-]{subsubsection.5.5.2.1}{\376\377\000T\000e\000c\000l\000a\000d\000o\000\040\000y\000\040\000r\000a\000t\000\363\000n}{subsection.5.5.2}% 67
\BOOKMARK [3][-]{subsubsection.5.5.2.2}{\376\377\000M\000a\000n\000d\000o}{subsection.5.5.2}% 68
\BOOKMARK [2][-]{subsection.5.5.3}{\376\377\000M\000e\000j\000o\000r\000a\000s\000\040\000d\000e\000l\000\040\000j\000u\000g\000a\000d\000o\000r}{section.5.5}% 69
\BOOKMARK [2][-]{subsection.5.5.4}{\376\377\000O\000b\000j\000e\000t\000i\000v\000o\000s}{section.5.5}% 70
\BOOKMARK [0][-]{chapter.6}{\376\377\000C\000o\000n\000c\000l\000u\000s\000i\000o\000n\000e\000s\000\040\000y\000\040\000v\000\355\000a\000s\000\040\000f\000u\000t\000u\000r\000a\000s}{}% 71
\BOOKMARK [0][-]{chapter*.84}{\376\377\000B\000i\000b\000l\000i\000o\000g\000r\000a\000f\000\355\000a}{}% 72
